<?xml version="1.0" encoding="UTF-8"?>
<!-- Generated by org.testng.reporters.JUnitReportReporter -->
<testsuite skipped="0" hostname="DESKTOP-JF3NBFE" name="com.test.TestProject.Test1" tests="1" failures="0" timestamp="23 Mar 2020 13:34:42 GMT" time="0.016" errors="0">
  <testcase name="test1" time="0.016" classname="com.test.TestProject.Test1"/>
</testsuite> <!-- com.test.TestProject.Test1 -->
