<?xml version="1.0" encoding="UTF-8"?>
<!-- Generated by org.testng.reporters.JUnitReportReporter -->
<testsuite hostname="DESKTOP-JF3NBFE" name="com.test.TestProject.Test1" tests="1" failures="0" timestamp="28 Mar 2020 17:37:58 GMT" time="0.024" errors="0">
  <testcase name="test1" time="0.024" classname="com.test.TestProject.Test1"/>
</testsuite> <!-- com.test.TestProject.Test1 -->
