<?xml version="1.0" encoding="UTF-8"?>
<!-- Generated by org.testng.reporters.JUnitReportReporter -->
<testsuite hostname="DESKTOP-JF3NBFE" name="com.test.TestProject.Test3" tests="1" failures="0" timestamp="28 Mar 2020 17:37:58 GMT" time="0.001" errors="0">
  <testcase name="test" time="0.001" classname="com.test.TestProject.Test3"/>
</testsuite> <!-- com.test.TestProject.Test3 -->
